"""

== R 5 ==

..........................
..........................
..........................
..........................
..........................
..........................
..........................
..........................
..........................
..........................
..........................
..........................
..........................
..........................
..........................
...........54321H.........  (5 covers 6, 7, 8, 9, s)
..........................
..........................
..........................
..........................
..........................

== R 5 == 1

..........................
..........................
..........................
..........................
..........................
..........................
..........................
..........................
..........................
..........................
..........................
..........................
..........................
..........................
................H.........
...........54321.........  (5 covers 6, 7, 8, 9, s)
..........................
..........................
..........................
..........................
..........................

== R 5 == 2

..........................
..........................
..........................
..........................
..........................
..........................
..........................
..........................
..........................
..........................
..........................
..........................
..........................
................H.........
............54321.........
...........6.............  (5 covers 6, 7, 8, 9, s)
..........................
..........................
..........................
..........................
..........................

== R 5 == 3

..........................
..........................
..........................
..........................
..........................
..........................
..........................
..........................
..........................
..........................
..........................
..........................
................H.........
................1.........
............5432..........
...........6.............  (5 covers 6, 7, 8, 9, s)
..........................
..........................
..........................
..........................
..........................

== R 5 == U 4

..........................
..........................
..........................
..........................
..........................
..........................
..........................
..........................
..........................
..........................
..........................
................H.........
................1.........
................2.........
.............543..........
...........76............  (5 covers 6, 7, 8, 9, s)
..........................
..........................
..........................
..........................
..........................


== R 5 == U 5

..........................
..........................
..........................
..........................
..........................
..........................
..........................
..........................
..........................
..........................
..........................
................H.........
................1.........
................2.........
...............3..........
.............54...........
...........76............  (5 covers 6, 7, 8, 9, s)
..........................
..........................
..........................
..........................
..........................

== R 5 == U 6

..........................
..........................
..........................
..........................
..........................
..........................
..........................
..........................
..........................
..........................
................H.........
................1.........
................2.........
................3.........
..............54..........
.............6............
...........87...........  (5 covers 6, 7, 8, 9, s)
..........................
..........................
..........................
..........................
..........................

== R 5 == U 7

..........................
..........................
..........................
..........................
..........................
..........................
..........................
..........................
..........................
................H.........
................1.........
................2.........
................3.........
..............54..........
.............6...........
............7.............
...........8............  (5 covers 6, 7, 8, 9, s)
..........................
..........................
..........................
..........................
..........................

== U 8 ==

..........................
..........................
..........................
..........................
..........................
..........................
..........................
................H.........
................1.........
................2.........
................3.........
...............54.........
..............6...........
.............7............
............8.............
...........9..............  (9 covers s)
..........................
..........................
..........................
..........................
..........................

"""